2025-02-02 18:31:18,165 - INFO - Starting map creation process.
2025-02-02 18:31:18,166 - INFO - Geocoding location: Los Angeles, Palisades, , California, USA
2025-02-02 18:31:18,167 - INFO - Making request to: https://nominatim.openstreetmap.org/search?q=Los%20Angeles%2C%20Palisades%2C%20%2C%20California%2C%20USA&format=jsonv2&limit=1
2025-02-02 18:31:18,778 - INFO - Geocoding response: [{'place_id': 299643711, 'licence': 'Data © OpenStreetMap contributors, ODbL 1.0. http://osm.org/copyright', 'osm_type': 'way', 'osm_id': 193420774, 'lat': '34.04505795', 'lon': '-118.52247635607142', 'category': 'amenity', 'type': 'fire_station', 'place_rank': 30, 'importance': 8.738155184248139e-05, 'addresstype': 'amenity', 'name': 'Los Angeles Fire Department Fire Station 69', 'display_name': 'Los Angeles Fire Department Fire Station 69, 15045, West Sunset Boulevard, Pacific Palisades, Los Angeles, Los Angeles County, California, 90402, United States', 'boundingbox': ['34.0449064', '34.0452261', '-118.5226939', '-118.5222740']}]
2025-02-02 18:31:18,780 - INFO - Max risk probability: 0.97
2025-02-02 18:31:18,781 - INFO - Generated points for heatmap grid.
2025-02-02 18:31:19,315 - INFO - Map successfully created.
2025-02-02 18:35:02,440 - INFO - Starting map creation process.
2025-02-02 18:35:02,442 - INFO - Geocoding location: Los Angeles, Palisades, , California, USA
2025-02-02 18:35:02,444 - INFO - Making request to: https://nominatim.openstreetmap.org/search?q=Los%20Angeles%2C%20Palisades%2C%20%2C%20California%2C%20USA&format=jsonv2&limit=1
2025-02-02 18:35:03,011 - INFO - Geocoding response: [{'place_id': 299643711, 'licence': 'Data © OpenStreetMap contributors, ODbL 1.0. http://osm.org/copyright', 'osm_type': 'way', 'osm_id': 193420774, 'lat': '34.04505795', 'lon': '-118.52247635607142', 'category': 'amenity', 'type': 'fire_station', 'place_rank': 30, 'importance': 8.738155184248139e-05, 'addresstype': 'amenity', 'name': 'Los Angeles Fire Department Fire Station 69', 'display_name': 'Los Angeles Fire Department Fire Station 69, 15045, West Sunset Boulevard, Pacific Palisades, Los Angeles, Los Angeles County, California, 90402, United States', 'boundingbox': ['34.0449064', '34.0452261', '-118.5226939', '-118.5222740']}]
2025-02-02 18:35:03,011 - INFO - Max risk probability: 0.97
2025-02-02 18:35:03,015 - INFO - Generated points for heatmap grid.
2025-02-02 18:35:03,128 - INFO - Map successfully created.
2025-02-02 18:35:41,116 - INFO - Starting map creation process.
2025-02-02 18:35:41,119 - INFO - Geocoding location: Los Angeles, Palisades, , California, USA
2025-02-02 18:35:41,120 - INFO - Making request to: https://nominatim.openstreetmap.org/search?q=Los%20Angeles%2C%20Palisades%2C%20%2C%20California%2C%20USA&format=jsonv2&limit=1
2025-02-02 18:35:41,629 - INFO - Geocoding response: [{'place_id': 299643711, 'licence': 'Data © OpenStreetMap contributors, ODbL 1.0. http://osm.org/copyright', 'osm_type': 'way', 'osm_id': 193420774, 'lat': '34.04505795', 'lon': '-118.52247635607142', 'category': 'amenity', 'type': 'fire_station', 'place_rank': 30, 'importance': 8.738155184248139e-05, 'addresstype': 'amenity', 'name': 'Los Angeles Fire Department Fire Station 69', 'display_name': 'Los Angeles Fire Department Fire Station 69, 15045, West Sunset Boulevard, Pacific Palisades, Los Angeles, Los Angeles County, California, 90402, United States', 'boundingbox': ['34.0449064', '34.0452261', '-118.5226939', '-118.5222740']}]
2025-02-02 18:35:41,631 - INFO - Max risk probability: 0.97
2025-02-02 18:35:41,634 - INFO - Generated points for heatmap grid.
2025-02-02 18:35:41,781 - INFO - Map successfully created.
2025-02-02 18:38:32,773 - INFO - Starting map creation process.
2025-02-02 18:38:32,774 - INFO - Geocoding location: Los Angeles, Palisades, , California, USA
2025-02-02 18:38:32,776 - INFO - Making request to: https://nominatim.openstreetmap.org/search?q=Los%20Angeles%2C%20Palisades%2C%20%2C%20California%2C%20USA&format=jsonv2&limit=1
2025-02-02 18:38:33,354 - INFO - Geocoding response: [{'place_id': 299643711, 'licence': 'Data © OpenStreetMap contributors, ODbL 1.0. http://osm.org/copyright', 'osm_type': 'way', 'osm_id': 193420774, 'lat': '34.04505795', 'lon': '-118.52247635607142', 'category': 'amenity', 'type': 'fire_station', 'place_rank': 30, 'importance': 8.738155184248139e-05, 'addresstype': 'amenity', 'name': 'Los Angeles Fire Department Fire Station 69', 'display_name': 'Los Angeles Fire Department Fire Station 69, 15045, West Sunset Boulevard, Pacific Palisades, Los Angeles, Los Angeles County, California, 90402, United States', 'boundingbox': ['34.0449064', '34.0452261', '-118.5226939', '-118.5222740']}]
2025-02-02 18:38:33,355 - INFO - Max risk probability: 0.97
2025-02-02 18:38:33,357 - INFO - Generated points for heatmap grid.
2025-02-02 18:38:33,389 - INFO - Map successfully created.
